<?xml version="1.0" encoding="UTF-8"?>
<!-- Generated by org.testng.reporters.JUnitXMLReporter -->
<testsuite ignored="6" hostname="DESKTOP-6ANJRIO" failures="0" tests="4" name="Test" time="158.002" errors="0" timestamp="2024-07-10T13:10:24 IST">
  <testcase classname="testscripts.smoke.Tc_106" name="checkInDateChange" time="23.598"/>
  <testcase classname="testscripts.smoke.Tc_102" name="checkInDateChange" time="13.889"/>
  <testcase classname="testscripts.smoke.Tc_105" name="checkInDateChange" time="23.364"/>
  <testcase classname="testscripts.smoke.Tc_104" name="checkInDateChange" time="23.219"/>
  <testcase classname="base.BaseTest" name="@AfterTest closeReports" time="0.0">
    <ignored/>
  </testcase> <!-- @AfterTest closeReports -->
  <testcase classname="base.BaseTest" name="@BeforeTest fileSetUp" time="0.0">
    <ignored/>
  </testcase> <!-- @BeforeTest fileSetUp -->
  <testcase classname="base.BaseTest" name="@BeforeTest fileSetUp" time="0.0">
    <ignored/>
  </testcase> <!-- @BeforeTest fileSetUp -->
  <testcase classname="base.BaseTest" name="@BeforeTest fileSetUp" time="0.0">
    <ignored/>
  </testcase> <!-- @BeforeTest fileSetUp -->
  <testcase classname="base.BaseTest" name="@AfterTest closeReports" time="0.0">
    <ignored/>
  </testcase> <!-- @AfterTest closeReports -->
  <testcase classname="base.BaseTest" name="@AfterTest closeReports" time="0.0">
    <ignored/>
  </testcase> <!-- @AfterTest closeReports -->
</testsuite> <!-- Test -->
