<?xml version="1.0" encoding="UTF-8"?>
<testng-results ignored="0" total="1" passed="0" failed="1" skipped="0">
  <reporter-output>
  </reporter-output>
  <suite started-at="2024-07-10T20:28:32 IST" name="Default suite" finished-at="2024-07-10T20:29:54 IST" duration-ms="81582">
    <groups>
    </groups>
    <test started-at="2024-07-10T20:28:32 IST" name="Default test" finished-at="2024-07-10T20:29:54 IST" duration-ms="81582">
      <class name="testscripts.smoke.Tc_107">
        <test-method is-config="true" signature="fileSetUp()[pri:0, instance:testscripts.smoke.Tc_107@303cf2ba]" started-at="2024-07-10T20:28:32 IST" name="fileSetUp" finished-at="2024-07-10T20:28:33 IST" duration-ms="685" status="PASS">
          <reporter-output>
          </reporter-output>
        </test-method> <!-- fileSetUp -->
        <test-method is-config="true" signature="setup(org.testng.ITestContext)[pri:0, instance:testscripts.smoke.Tc_107@303cf2ba]" started-at="2024-07-10T20:28:35 IST" name="setup" finished-at="2024-07-10T20:29:07 IST" duration-ms="32557" status="PASS">
          <params>
            <param index="0">
              <value>
                <![CDATA[org.testng.TestRunner@6b063470]]>
              </value>
            </param>
          </params>
          <reporter-output>
          </reporter-output>
        </test-method> <!-- setup -->
        <test-method signature="checkInDateChange(java.util.HashMap)[pri:0, instance:testscripts.smoke.Tc_107@303cf2ba]" started-at="2024-07-10T20:29:07 IST" name="checkInDateChange" data-provider="getData" finished-at="2024-07-10T20:29:47 IST" duration-ms="40014" status="FAIL">
          <params>
            <param index="0">
              <value>
                <![CDATA[{Check Out Date=10/07/2024, Adults per Room=1 - One, Check In Date=09/07/2024, Expected Room Type=Standard, Expected Total Price Per Night=AUD $ 135, Expected Title1=Adactin.com - Search Hotel, Children per Room=0 - None, Expected No Rooms=1 Rooms, Expected Price Per Night=AUD $ 125, Expected Title2=Adactin.com - Select Hotel, Hotels=Hotel Creek, Expected Check In Date=09/07/2024, password=reyaz123, Room Type=Standard, welcome text=Welcome to Adactin Group of Hotels, Number of Rooms=1 - One, Expected Hotel=Hotel Creek, Expected Check Out Date=10/07/2024, username=reyaz0806, Location=Sydney}]]>
              </value>
            </param>
          </params>
          <exception class="java.lang.IllegalArgumentException">
            <message>
              <![CDATA[Keys to send should be a not null CharSequence]]>
            </message>
            <full-stacktrace>
              <![CDATA[java.lang.IllegalArgumentException: Keys to send should be a not null CharSequence
at org.openqa.selenium.remote.RemoteWebElement.sendKeys(RemoteWebElement.java:97)
at java.base/jdk.internal.reflect.NativeMethodAccessorImpl.invoke0(Native Method)
at java.base/jdk.internal.reflect.NativeMethodAccessorImpl.invoke(NativeMethodAccessorImpl.java:77)
at java.base/jdk.internal.reflect.DelegatingMethodAccessorImpl.invoke(DelegatingMethodAccessorImpl.java:43)
at java.base/java.lang.reflect.Method.invoke(Method.java:568)
at org.openqa.selenium.support.pagefactory.internal.LocatingElementHandler.invoke(LocatingElementHandler.java:51)
at jdk.proxy2/jdk.proxy2.$Proxy20.sendKeys(Unknown Source)
at page.BasePage.type(BasePage.java:32)
at page.BookHotelPage.firstNameTextBox(BookHotelPage.java:32)
at testscripts.smoke.Tc_107.checkInDateChange(Tc_107.java:46)
at java.base/jdk.internal.reflect.NativeMethodAccessorImpl.invoke0(Native Method)
at java.base/jdk.internal.reflect.NativeMethodAccessorImpl.invoke(NativeMethodAccessorImpl.java:77)
at java.base/jdk.internal.reflect.DelegatingMethodAccessorImpl.invoke(DelegatingMethodAccessorImpl.java:43)
at java.base/java.lang.reflect.Method.invoke(Method.java:568)
at org.testng.internal.invokers.MethodInvocationHelper.invokeMethod(MethodInvocationHelper.java:141)
at org.testng.internal.invokers.TestInvoker.invokeMethod(TestInvoker.java:686)
at org.testng.internal.invokers.TestInvoker.invokeTestMethod(TestInvoker.java:230)
at org.testng.internal.invokers.MethodRunner.runInSequence(MethodRunner.java:63)
at org.testng.internal.invokers.TestInvoker$MethodInvocationAgent.invoke(TestInvoker.java:992)
at org.testng.internal.invokers.TestInvoker.invokeTestMethods(TestInvoker.java:203)
at org.testng.internal.invokers.TestMethodWorker.invokeTestMethods(TestMethodWorker.java:154)
at org.testng.internal.invokers.TestMethodWorker.run(TestMethodWorker.java:134)
at java.base/java.util.ArrayList.forEach(ArrayList.java:1511)
at org.testng.TestRunner.privateRun(TestRunner.java:739)
at org.testng.TestRunner.run(TestRunner.java:614)
at org.testng.SuiteRunner.runTest(SuiteRunner.java:421)
at org.testng.SuiteRunner.runSequentially(SuiteRunner.java:413)
at org.testng.SuiteRunner.privateRun(SuiteRunner.java:373)
at org.testng.SuiteRunner.run(SuiteRunner.java:312)
at org.testng.SuiteRunnerWorker.runSuite(SuiteRunnerWorker.java:52)
at org.testng.SuiteRunnerWorker.run(SuiteRunnerWorker.java:95)
at org.testng.TestNG.runSuitesSequentially(TestNG.java:1274)
at org.testng.TestNG.runSuitesLocally(TestNG.java:1208)
at org.testng.TestNG.runSuites(TestNG.java:1112)
at org.testng.TestNG.run(TestNG.java:1079)
at org.testng.remote.AbstractRemoteTestNG.run(AbstractRemoteTestNG.java:115)
at org.testng.remote.RemoteTestNG.initAndRun(RemoteTestNG.java:293)
at org.testng.remote.RemoteTestNG.main(RemoteTestNG.java:91)
]]>
            </full-stacktrace>
          </exception> <!-- java.lang.IllegalArgumentException -->
          <reporter-output>
          </reporter-output>
        </test-method> <!-- checkInDateChange -->
        <test-method is-config="true" signature="teardown()[pri:0, instance:testscripts.smoke.Tc_107@303cf2ba]" started-at="2024-07-10T20:29:47 IST" name="teardown" finished-at="2024-07-10T20:29:53 IST" duration-ms="5934" status="PASS">
          <reporter-output>
          </reporter-output>
        </test-method> <!-- teardown -->
        <test-method is-config="true" signature="closeReports()[pri:0, instance:testscripts.smoke.Tc_107@303cf2ba]" started-at="2024-07-10T20:29:53 IST" name="closeReports" finished-at="2024-07-10T20:29:54 IST" duration-ms="598" status="PASS">
          <reporter-output>
          </reporter-output>
        </test-method> <!-- closeReports -->
      </class> <!-- testscripts.smoke.Tc_107 -->
    </test> <!-- Default test -->
  </suite> <!-- Default suite -->
</testng-results>
